myapplication/build/intermediates/manifest_merge_blame_file/debug/manifest-merger-blame-debug-report.txt
1<?xml version="1.0" encoding="utf-8"?>
2<manifest xmlns:android="http://schemas.android.com/apk/res/android"
3    package="com.example.myapplication"
4    android:versionCode="1"
5    android:versionName="1.0" >
6
7    <uses-sdk
8        android:minSdkVersion="17"
8-->src/main/AndroidManifest.xml
9        android:targetSdkVersion="28" />
9-->src/main/AndroidManifest.xml
10
11    <uses-permission android:name="android.permission.BLUETOOTH" />
11-->src/main/AndroidManifest.xml:5:5-67
11-->src/main/AndroidManifest.xml:5:22-65
12    <uses-permission android:name="android.permission.BLUETOOTH_ADMIN" />
12-->src/main/AndroidManifest.xml:6:5-73
12-->src/main/AndroidManifest.xml:6:22-71
13
14    <application
14-->src/main/AndroidManifest.xml:8:5-22:19
15        android:name="androidx.multidex.MultiDexApplication"
16        android:allowBackup="true"
16-->src/main/AndroidManifest.xml:8:18-44
17        android:appComponentFactory="androidx.core.app.CoreComponentFactory"
17-->[androidx.core:core:1.0.0] AndroidManifest.xml:22:18-86
18        android:debuggable="true"
19        android:icon="@drawable/ic_launcher"
19-->src/main/AndroidManifest.xml:8:45-81
20        android:label="@string/app_name"
20-->src/main/AndroidManifest.xml:9:9-41
21        android:supportsRtl="true"
21-->src/main/AndroidManifest.xml:9:42-68
22        android:testOnly="true"
23        android:theme="@style/AppTheme" >
23-->src/main/AndroidManifest.xml:9:69-100
24        <activity android:name="com.example.myapplication.MainActivity" >
24-->src/main/AndroidManifest.xml:10:9-16:20
24-->src/main/AndroidManifest.xml:10:19-47
25            <intent-filter>
25-->src/main/AndroidManifest.xml:11:13-15:29
26                <action android:name="android.intent.action.MAIN" />
26-->src/main/AndroidManifest.xml:12:17-69
26-->src/main/AndroidManifest.xml:12:25-66
27
28                <category android:name="android.intent.category.LAUNCHER" />
28-->src/main/AndroidManifest.xml:14:17-77
28-->src/main/AndroidManifest.xml:14:27-74
29            </intent-filter>
30        </activity>
31        <activity
31-->src/main/AndroidManifest.xml:17:9-21:20
32            android:name="com.example.myapplication.BluetoothActivity"
32-->src/main/AndroidManifest.xml:18:13-46
33            android:label="@string/title_activity_bluetooth"
33-->src/main/AndroidManifest.xml:19:13-61
34            android:screenOrientation="landscape" >
34-->src/main/AndroidManifest.xml:20:13-50
35        </activity>
36    </application>
37
38</manifest>